Using pre-set license
Built from '2021.3/staging' branch; Version is '2021.3.24f1 (cf10dcf7010d) revision 13570268'; Using compiler version '192829333'; Build Type 'Release'
OS: 'Windows 10  (10.0.19045) 64bit Core' Language: 'en' Physical Memory: 16292 MB
BatchMode: 1, IsHumanControllingUs: 0, StartBugReporterOnCrash: 0, Is64bit: 1, IsPro: 1

COMMAND LINE ARGUMENTS:
C:\Unity\Unity Editor\2021.3.24f1\Editor\Unity.exe
-adb2
-batchMode
-noUpm
-name
AssetImportWorker0
-projectPath
C:/Unity/Unity Projects/Highwaymen/Highwaymen
-logFile
Logs/AssetImportWorker0.log
-srvPort
59096
Successfully changed project path to: C:/Unity/Unity Projects/Highwaymen/Highwaymen
C:/Unity/Unity Projects/Highwaymen/Highwaymen
[UnityMemory] Configuration Parameters - Can be set up in boot.config
    "memorysetup-bucket-allocator-granularity=16"
    "memorysetup-bucket-allocator-bucket-count=8"
    "memorysetup-bucket-allocator-block-size=33554432"
    "memorysetup-bucket-allocator-block-count=8"
    "memorysetup-main-allocator-block-size=16777216"
    "memorysetup-thread-allocator-block-size=16777216"
    "memorysetup-gfx-main-allocator-block-size=16777216"
    "memorysetup-gfx-thread-allocator-block-size=16777216"
    "memorysetup-cache-allocator-block-size=4194304"
    "memorysetup-typetree-allocator-block-size=2097152"
    "memorysetup-profiler-bucket-allocator-granularity=16"
    "memorysetup-profiler-bucket-allocator-bucket-count=8"
    "memorysetup-profiler-bucket-allocator-block-size=33554432"
    "memorysetup-profiler-bucket-allocator-block-count=8"
    "memorysetup-profiler-allocator-block-size=16777216"
    "memorysetup-profiler-editor-allocator-block-size=1048576"
    "memorysetup-temp-allocator-size-main=16777216"
    "memorysetup-job-temp-allocator-block-size=2097152"
    "memorysetup-job-temp-allocator-block-size-background=1048576"
    "memorysetup-job-temp-allocator-reduction-small-platforms=262144"
    "memorysetup-temp-allocator-size-background-worker=32768"
    "memorysetup-temp-allocator-size-job-worker=262144"
    "memorysetup-temp-allocator-size-preload-manager=33554432"
    "memorysetup-temp-allocator-size-nav-mesh-worker=65536"
    "memorysetup-temp-allocator-size-audio-worker=65536"
    "memorysetup-temp-allocator-size-cloud-worker=32768"
    "memorysetup-temp-allocator-size-gi-baking-worker=262144"
    "memorysetup-temp-allocator-size-gfx=262144"
Player connection [20320] Host "[IP] 192.168.1.25 [Port] 0 [Flags] 2 [Guid] 3354226120 [EditorId] 3354226120 [Version] 1048832 [Id] WindowsEditor(7,DESKTOP-N3RJ0BI) [Debug] 1 [PackageName] WindowsEditor [ProjectName] Editor" joined multi-casting on [225.0.0.222:54997]...

Player connection [20320] Host "[IP] 192.168.1.25 [Port] 0 [Flags] 2 [Guid] 3354226120 [EditorId] 3354226120 [Version] 1048832 [Id] WindowsEditor(7,DESKTOP-N3RJ0BI) [Debug] 1 [PackageName] WindowsEditor [ProjectName] Editor" joined alternative multi-casting on [225.0.0.222:34997]...

Refreshing native plugins compatible for Editor in 72.18 ms, found 3 plugins.
Preloading 0 native plugins for Editor in 0.00 ms.
Initialize engine version: 2021.3.24f1 (cf10dcf7010d)
[Subsystems] Discovering subsystems at path C:/Unity/Unity Editor/2021.3.24f1/Editor/Data/Resources/UnitySubsystems
[Subsystems] Discovering subsystems at path C:/Unity/Unity Projects/Highwaymen/Highwaymen/Assets
GfxDevice: creating device client; threaded=0; jobified=0
Direct3D:
    Version:  Direct3D 11.0 [level 11.1]
    Renderer: NVIDIA GeForce RTX 2070 SUPER (ID=0x1e84)
    Vendor:   NVIDIA
    VRAM:     8003 MB
    Driver:   31.0.15.3168
Initialize mono
Mono path[0] = 'C:/Unity/Unity Editor/2021.3.24f1/Editor/Data/Managed'
Mono path[1] = 'C:/Unity/Unity Editor/2021.3.24f1/Editor/Data/MonoBleedingEdge/lib/mono/unityjit-win32'
Mono config path = 'C:/Unity/Unity Editor/2021.3.24f1/Editor/Data/MonoBleedingEdge/etc'
Using monoOptions --debugger-agent=transport=dt_socket,embedding=1,server=y,suspend=n,address=127.0.0.1:56060
Begin MonoManager ReloadAssembly
Registering precompiled unity dll's ...
Register platform support module: C:/Unity/Unity Editor/2021.3.24f1/Editor/Data/PlaybackEngines/WindowsStandaloneSupport/UnityEditor.WindowsStandalone.Extensions.dll
Registered in 0.006823 seconds.
Native extension for WindowsStandalone target not found
Refreshing native plugins compatible for Editor in 67.92 ms, found 3 plugins.
Preloading 0 native plugins for Editor in 0.00 ms.
Mono: successfully reloaded assembly
- Completed reload, in  0.565 seconds
Domain Reload Profiling:
	ReloadAssembly (565ms)
		BeginReloadAssembly (83ms)
			ExecutionOrderSort (0ms)
			DisableScriptedObjects (0ms)
			BackupInstance (0ms)
			ReleaseScriptingObjects (0ms)
			CreateAndSetChildDomain (1ms)
		EndReloadAssembly (389ms)
			LoadAssemblies (81ms)
			RebuildTransferFunctionScriptingTraits (0ms)
			SetupTypeCache (89ms)
			ReleaseScriptCaches (0ms)
			RebuildScriptCaches (23ms)
			SetupLoadedEditorAssemblies (233ms)
				LogAssemblyErrors (0ms)
				InitializePlatformSupportModulesInManaged (7ms)
				SetLoadedEditorAssemblies (0ms)
				RefreshPlugins (68ms)
				BeforeProcessingInitializeOnLoad (1ms)
				ProcessInitializeOnLoadAttributes (118ms)
				ProcessInitializeOnLoadMethodAttributes (38ms)
				AfterProcessingInitializeOnLoad (0ms)
				EditorAssembliesLoaded (0ms)
			ExecutionOrderSort2 (0ms)
			AwakeInstancesAfterBackupRestoration (0ms)
Platform modules already initialized, skipping
Registering precompiled user dll's ...
Registered in 0.005983 seconds.
Begin MonoManager ReloadAssembly
Symbol file LoadedFromMemory doesn't match image C:\Unity\Unity Projects\Highwaymen\Highwaymen\Library\PackageCache\com.unity.visualscripting@1.8.0\Editor\VisualScripting.Core\Dependencies\YamlDotNet\Unity.VisualScripting.YamlDotNet.dll
Symbol file LoadedFromMemory doesn't match image C:\Unity\Unity Projects\Highwaymen\Highwaymen\Library\PackageCache\com.unity.visualscripting@1.8.0\Editor\VisualScripting.Core\Dependencies\DotNetZip\Unity.VisualScripting.IonicZip.dll
Native extension for WindowsStandalone target not found
Refreshing native plugins compatible for Editor in 0.49 ms, found 3 plugins.
Preloading 0 native plugins for Editor in 0.00 ms.
Mono: successfully reloaded assembly
- Completed reload, in  1.030 seconds
Domain Reload Profiling:
	ReloadAssembly (1031ms)
		BeginReloadAssembly (116ms)
			ExecutionOrderSort (0ms)
			DisableScriptedObjects (5ms)
			BackupInstance (0ms)
			ReleaseScriptingObjects (0ms)
			CreateAndSetChildDomain (19ms)
		EndReloadAssembly (817ms)
			LoadAssemblies (89ms)
			RebuildTransferFunctionScriptingTraits (0ms)
			SetupTypeCache (223ms)
			ReleaseScriptCaches (1ms)
			RebuildScriptCaches (41ms)
			SetupLoadedEditorAssemblies (443ms)
				LogAssemblyErrors (0ms)
				InitializePlatformSupportModulesInManaged (6ms)
				SetLoadedEditorAssemblies (0ms)
				RefreshPlugins (1ms)
				BeforeProcessingInitializeOnLoad (81ms)
				ProcessInitializeOnLoadAttributes (330ms)
				ProcessInitializeOnLoadMethodAttributes (15ms)
				AfterProcessingInitializeOnLoad (10ms)
				EditorAssembliesLoaded (0ms)
			ExecutionOrderSort2 (0ms)
			AwakeInstancesAfterBackupRestoration (7ms)
Platform modules already initialized, skipping
========================================================================
Worker process is ready to serve import requests
Launched and connected shader compiler UnityShaderCompiler.exe after 0.06 seconds
Refreshing native plugins compatible for Editor in 0.61 ms, found 3 plugins.
Preloading 0 native plugins for Editor in 0.00 ms.
Unloading 3072 Unused Serialized files (Serialized files now loaded: 0)
Unloading 24 unused Assets / (113.3 KB). Loaded Objects now: 3533.
Memory consumption went from 110.5 MB to 110.4 MB.
Total: 3.145800 ms (FindLiveObjects: 0.307400 ms CreateObjectMapping: 0.081500 ms MarkObjects: 2.650800 ms  DeleteObjects: 0.105600 ms)

AssetImportParameters requested are different than current active one (requested -> active):
  custom:video-decoder-ogg-theora: a1e56fd34408186e4bbccfd4996cb3dc -> 
  custom:container-muxer-webm: aa71ff27fc2769a1b78a27578f13a17b -> 
  custom:container-demuxer-webm: 4f35f7cbe854078d1ac9338744f61a02 -> 
  custom:video-encoder-webm-vp8: eb34c28f22e8b96e1ab97ce403110664 -> 
  custom:audio-encoder-webm-vorbis: bf7c407c2cedff20999df2af8eb42d56 -> 
  custom:framework-win-MediaFoundation: 216162199b28c13a410421893ffa2e32 -> 
  custom:container-demuxer-ogg: 62fdf1f143b41e24485cea50d1cbac27 -> 
  custom:video-decoder-webm-vp8: 9c59270c3fd7afecdb556c50c9e8de78 -> 
  custom:audio-decoder-ogg-vorbis: bf7c407c2cedff20999df2af8eb42d56 -> 
========================================================================
Received Import Request.
  Time since last request: 980597.529362 seconds.
  path: Assets/Tiles/Tile.prefab
  artifactKey: Guid(21ea444fa3f039948a3e2f188be12e18) Importer(815301076,1909f56bfc062723c751e8b465ee728b)
Start importing Assets/Tiles/Tile.prefab using Guid(21ea444fa3f039948a3e2f188be12e18) Importer(815301076,1909f56bfc062723c751e8b465ee728b)  -> (artifact id: 'd96742f7bfbc1f765478e7eaa5faa956') in 0.181048 seconds 
========================================================================
Received Import Request.
  Time since last request: 95.348016 seconds.
  path: Assets/Tiles/Tile.prefab
  artifactKey: Guid(21ea444fa3f039948a3e2f188be12e18) Importer(815301076,1909f56bfc062723c751e8b465ee728b)
Start importing Assets/Tiles/Tile.prefab using Guid(21ea444fa3f039948a3e2f188be12e18) Importer(815301076,1909f56bfc062723c751e8b465ee728b)  -> (artifact id: 'da8e995ee82a0094be93646db3a9631e') in 0.042869 seconds 
========================================================================
Received Import Request.
  Time since last request: 0.000032 seconds.
  path: Assets/Tiles/Tile_ShoreStraight180.prefab
  artifactKey: Guid(331bf1f7d13b64c4a93858f907e99cea) Importer(815301076,1909f56bfc062723c751e8b465ee728b)
Start importing Assets/Tiles/Tile_ShoreStraight180.prefab using Guid(331bf1f7d13b64c4a93858f907e99cea) Importer(815301076,1909f56bfc062723c751e8b465ee728b)  -> (artifact id: 'c73ec8bd879892a3c9f54a295a52e585') in 0.051941 seconds 
========================================================================
Received Import Request.
  Time since last request: 0.000030 seconds.
  path: Assets/Tiles/Tile_ShoreCorner90.prefab
  artifactKey: Guid(349a752b75db3a74fa11dd3550254eb0) Importer(815301076,1909f56bfc062723c751e8b465ee728b)
Start importing Assets/Tiles/Tile_ShoreCorner90.prefab using Guid(349a752b75db3a74fa11dd3550254eb0) Importer(815301076,1909f56bfc062723c751e8b465ee728b)  -> (artifact id: '4a346746bc17cd6d78fb4bcb63594e2a') in 0.038748 seconds 
========================================================================
Received Import Request.
  Time since last request: 0.000032 seconds.
  path: Assets/Tiles/Tile_RoadCorner90.prefab
  artifactKey: Guid(a37455e739cfea34b82c6dedc5ccaa1d) Importer(815301076,1909f56bfc062723c751e8b465ee728b)
Start importing Assets/Tiles/Tile_RoadCorner90.prefab using Guid(a37455e739cfea34b82c6dedc5ccaa1d) Importer(815301076,1909f56bfc062723c751e8b465ee728b)  -> (artifact id: '34cb8ff7a5540e813b9ae1de2b52e0fa') in 0.035566 seconds 
========================================================================
Received Import Request.
  Time since last request: 0.000044 seconds.
  path: Assets/Tiles/Tile_RoadCorner270.prefab
  artifactKey: Guid(d9c7cd9ad9b073a4db1720b3b1564135) Importer(815301076,1909f56bfc062723c751e8b465ee728b)
Start importing Assets/Tiles/Tile_RoadCorner270.prefab using Guid(d9c7cd9ad9b073a4db1720b3b1564135) Importer(815301076,1909f56bfc062723c751e8b465ee728b)  -> (artifact id: '87e377af1f2a3ccde1d6001e65f7d1ab') in 0.037136 seconds 
========================================================================
Received Import Request.
  Time since last request: 0.000019 seconds.
  path: Assets/Tiles/Tile_WaterCorner90.prefab
  artifactKey: Guid(7782174b4aca12642990cb856b89fbfe) Importer(815301076,1909f56bfc062723c751e8b465ee728b)
Start importing Assets/Tiles/Tile_WaterCorner90.prefab using Guid(7782174b4aca12642990cb856b89fbfe) Importer(815301076,1909f56bfc062723c751e8b465ee728b)  -> (artifact id: '9b8a54379279464c76ecdc5676e85149') in 0.038998 seconds 
========================================================================
Received Import Request.
  Time since last request: 0.000020 seconds.
  path: Assets/Tiles/Tile_ShoreStraight270.prefab
  artifactKey: Guid(7e43043ab79ca1e42a856b192c5ecdd0) Importer(815301076,1909f56bfc062723c751e8b465ee728b)
Start importing Assets/Tiles/Tile_ShoreStraight270.prefab using Guid(7e43043ab79ca1e42a856b192c5ecdd0) Importer(815301076,1909f56bfc062723c751e8b465ee728b)  -> (artifact id: '16714eef7adfc74c91cfba1472ea3c6c') in 0.035104 seconds 
========================================================================
Received Import Request.
  Time since last request: 0.000022 seconds.
  path: Assets/Tiles/Tile_RoadStraight.prefab
  artifactKey: Guid(618659c18a57aa94c84851e77e1977dd) Importer(815301076,1909f56bfc062723c751e8b465ee728b)
Start importing Assets/Tiles/Tile_RoadStraight.prefab using Guid(618659c18a57aa94c84851e77e1977dd) Importer(815301076,1909f56bfc062723c751e8b465ee728b)  -> (artifact id: '49a39d0c1f576c5d07b2850690670d58') in 0.036379 seconds 
========================================================================
Received Import Request.
  Time since last request: 0.000021 seconds.
  path: Assets/Tiles/Tile_ShoreCorner270.prefab
  artifactKey: Guid(49cc2b64ade866948819a740fbddfdcd) Importer(815301076,1909f56bfc062723c751e8b465ee728b)
Start importing Assets/Tiles/Tile_ShoreCorner270.prefab using Guid(49cc2b64ade866948819a740fbddfdcd) Importer(815301076,1909f56bfc062723c751e8b465ee728b)  -> (artifact id: '686dd018b1bc4ee7528f794634af3ce6') in 0.036023 seconds 
========================================================================
Received Import Request.
  Time since last request: 0.000034 seconds.
  path: Assets/Tiles/Tile_ShoreStraight90.prefab
  artifactKey: Guid(2ef704a81ab91a4428a2906431a32fb4) Importer(815301076,1909f56bfc062723c751e8b465ee728b)
Start importing Assets/Tiles/Tile_ShoreStraight90.prefab using Guid(2ef704a81ab91a4428a2906431a32fb4) Importer(815301076,1909f56bfc062723c751e8b465ee728b)  -> (artifact id: 'b7270aa260e1d5779f42901a2f0648f2') in 0.036696 seconds 
========================================================================
Received Prepare
Registering precompiled user dll's ...
Registered in 0.007457 seconds.
Begin MonoManager ReloadAssembly
Symbol file LoadedFromMemory doesn't match image C:\Unity\Unity Projects\Highwaymen\Highwaymen\Library\PackageCache\com.unity.visualscripting@1.8.0\Editor\VisualScripting.Core\Dependencies\YamlDotNet\Unity.VisualScripting.YamlDotNet.dll
Symbol file LoadedFromMemory doesn't match image C:\Unity\Unity Projects\Highwaymen\Highwaymen\Library\PackageCache\com.unity.visualscripting@1.8.0\Editor\VisualScripting.Core\Dependencies\DotNetZip\Unity.VisualScripting.IonicZip.dll
Native extension for WindowsStandalone target not found
Refreshing native plugins compatible for Editor in 0.66 ms, found 3 plugins.
Preloading 0 native plugins for Editor in 0.00 ms.
Mono: successfully reloaded assembly
- Completed reload, in  1.132 seconds
Domain Reload Profiling:
	ReloadAssembly (1132ms)
		BeginReloadAssembly (152ms)
			ExecutionOrderSort (0ms)
			DisableScriptedObjects (4ms)
			BackupInstance (0ms)
			ReleaseScriptingObjects (0ms)
			CreateAndSetChildDomain (38ms)
		EndReloadAssembly (883ms)
			LoadAssemblies (104ms)
			RebuildTransferFunctionScriptingTraits (0ms)
			SetupTypeCache (259ms)
			ReleaseScriptCaches (1ms)
			RebuildScriptCaches (40ms)
			SetupLoadedEditorAssemblies (459ms)
				LogAssemblyErrors (0ms)
				InitializePlatformSupportModulesInManaged (6ms)
				SetLoadedEditorAssemblies (1ms)
				RefreshPlugins (1ms)
				BeforeProcessingInitializeOnLoad (67ms)
				ProcessInitializeOnLoadAttributes (356ms)
				ProcessInitializeOnLoadMethodAttributes (15ms)
				AfterProcessingInitializeOnLoad (12ms)
				EditorAssembliesLoaded (0ms)
			ExecutionOrderSort2 (0ms)
			AwakeInstancesAfterBackupRestoration (8ms)
Platform modules already initialized, skipping
Refreshing native plugins compatible for Editor in 2.00 ms, found 3 plugins.
Preloading 0 native plugins for Editor in 0.00 ms.
Unloading 3054 Unused Serialized files (Serialized files now loaded: 0)
Unloading 17 unused Assets / (79.8 KB). Loaded Objects now: 3545.
Memory consumption went from 113.6 MB to 113.5 MB.
Total: 3.133900 ms (FindLiveObjects: 0.300100 ms CreateObjectMapping: 0.073700 ms MarkObjects: 2.660800 ms  DeleteObjects: 0.098600 ms)

AssetImportParameters requested are different than current active one (requested -> active):
  custom:video-decoder-ogg-theora: a1e56fd34408186e4bbccfd4996cb3dc -> 
  custom:container-muxer-webm: aa71ff27fc2769a1b78a27578f13a17b -> 
  custom:container-demuxer-webm: 4f35f7cbe854078d1ac9338744f61a02 -> 
  custom:video-encoder-webm-vp8: eb34c28f22e8b96e1ab97ce403110664 -> 
  custom:audio-encoder-webm-vorbis: bf7c407c2cedff20999df2af8eb42d56 -> 
  custom:framework-win-MediaFoundation: 216162199b28c13a410421893ffa2e32 -> 
  custom:container-demuxer-ogg: 62fdf1f143b41e24485cea50d1cbac27 -> 
  custom:video-decoder-webm-vp8: 9c59270c3fd7afecdb556c50c9e8de78 -> 
  custom:audio-decoder-ogg-vorbis: bf7c407c2cedff20999df2af8eb42d56 -> 
Editor requested this worker to shutdown with reason: Scaling down because of idle timeout
AssetImportWorker is now disconnected from the server
Process exiting
Exiting without the bug reporter. Application will terminate with return code 0